<?xml version="1.0" encoding="UTF-8"?>
<!-- Generated by org.testng.reporters.JUnitReportReporter -->
<testsuite hostname="DESKTOP-AHV403J" failures="0" tests="2" name="com.zohoCRM.testscripts.ProductModule" time="3.041" errors="0" timestamp="2022-10-15T21:06:53 IST" skipped="0">
  <testcase classname="com.zohoCRM.testscripts.ProductModule" name="editProduct" time="1.002"/>
  <system-out/>
  <testcase classname="com.zohoCRM.testscripts.ProductModule" name="createProduct" time="2.039"/>
  <system-out/>
</testsuite> <!-- com.zohoCRM.testscripts.ProductModule -->
