<?xml version="1.0" encoding="UTF-8"?>
<!-- Generated by org.testng.reporters.JUnitReportReporter -->
<testsuite hostname="DESKTOP-AHV403J" failures="0" tests="1" name="com.zohoCRM.testscripts.PotentialLead" time="44.979" errors="0" timestamp="2022-10-15T21:06:53 IST" skipped="0">
  <testcase classname="com.zohoCRM.testscripts.PotentialLead" name="createPotentialLead" time="44.979"/>
  <system-out/>
</testsuite> <!-- com.zohoCRM.testscripts.PotentialLead -->
