<?xml version="1.0" encoding="UTF-8"?>
<!-- Generated by org.testng.reporters.JUnitReportReporter -->
<testsuite hostname="DESKTOP-AHV403J" failures="0" tests="2" name="com.zohoCRM.testscripts.CampaignModule" time="7.194" errors="0" timestamp="2022-10-15T21:06:53 IST" skipped="0">
  <testcase classname="com.zohoCRM.testscripts.CampaignModule" name="createCampaign" time="6.278"/>
  <system-out/>
  <testcase classname="com.zohoCRM.testscripts.CampaignModule" name="ModifyCampaign" time="0.916"/>
  <system-out/>
</testsuite> <!-- com.zohoCRM.testscripts.CampaignModule -->
