<?xml version="1.0" encoding="UTF-8"?>
<!-- Generated by org.testng.reporters.JUnitReportReporter -->
<testsuite hostname="DESKTOP-AHV403J" failures="0" tests="2" name="com.zohoCRM.testscripts.CampaignModule" time="37.398" errors="0" timestamp="2022-10-15T19:40:55 IST" skipped="0">
  <testcase classname="com.zohoCRM.testscripts.CampaignModule" name="createCampaign" time="26.148"/>
  <system-out/>
  <testcase classname="com.zohoCRM.testscripts.CampaignModule" name="ModifyCampaign" time="11.250"/>
  <system-out/>
</testsuite> <!-- com.zohoCRM.testscripts.CampaignModule -->
